Arguments: 
  C:\nvm4w\nodejs\node.exe C:\Program Files (x86)\Yarn\bin\yarn.js install

PATH: 
  C:\Program Files\Common Files\Oracle\Java\javapath;C:\Python313\Scripts\;C:\Python313\;C:\Python312\Scripts\;C:\Python312\;c:\Users\bedi-\AppData\Local\Programs\Cursor\resources\app\bin;C:\WINDOWS\system32;C:\WINDOWS;C:\WINDOWS\System32\Wbem;C:\WINDOWS\System32\WindowsPowerShell\v1.0\;C:\WINDOWS\System32\OpenSSH\;C:\composer;C:\Program Files (x86)\Yarn\bin\;C:\Users\bedi-\AppData\Local\Microsoft\WindowsApps;C:\Users\bedi-\AppData\Roaming\npm;C:\Users\bedi-\AppData\Roaming\Composer\vendor\bin;C:\Program Files\JetBrains\PhpStorm 2022.3.3\bin;C:\Users\bedi-\AppData\Local\Yarn\bin;C:\Program Files\JetBrains\WebStorm 2023.1\bin;C:\Program Files\JetBrains\IntelliJ IDEA 2023.1\bin;D:\src\flutter\bin;C:\Program Files (x86)\Microsoft Emulator Manager\1.0\;C:\WINDOWS\system32;C:\WINDOWS;C:\WINDOWS\System32\Wbem;C:\WINDOWS\System32\WindowsPowerShell\v1.0\;C:\WINDOWS\System32\OpenSSH\;C:\Program Files\Java\jdk;C:\Program Files\Git\cmd;C:\ProgramData\chocolatey\bin;C:\Users\bedi-\AppData\Local\nvm;C:\nvm4w\nodejs;C:\Program Files\nodejs\;C:\Program Files\Java\jdk-17\bin;D:\laragon\bin\php\php-8.4.11-nts-Win32-vs17-x64;C:\Program Files\Docker\Docker\resources\bin;C:\laragon\bin\composer;C:\laragon\bin\git\bin;C:\laragon\bin\git\cmd;C:\laragon\bin\git\mingw64\bin;C:\laragon\bin\git\usr\bin;C:\laragon\bin\mysql\mysql-8.0.30-winx64\bin;C:\laragon\bin\ngrok;C:\laragon\bin\nodejs\node-v22;C:\laragon\bin\php\php-8.4.11-nts-Win32-vs17-x64;C:\laragon\bin\python\python-3.10;C:\laragon\bin\python\python-3.10\Scripts;C:\laragon\usr\bin;C:\Users\bedi-\AppData\Local\Yarn\config\global\node_modules\.bin;C:\Users\bedi-\AppData\Roaming\Composer\vendor\bin;C:\Users\bedi-\AppData\Roaming\npm;c:\Users\bedi-\AppData\Local\Programs\Trae\bin;C:\Users\bedi-\AppData\Local\Microsoft\WindowsApps;C:\Users\bedi-\AppData\Local\Programs\Microsoft VS Code\bin;C:\Users\bedi-\AppData\Local\Yarn\bin;C:\Program Files\JetBrains\IntelliJ IDEA 2023.1\bin;C:\src\flutter\bin;C:\Program Files\JetBrains\JetBrains Rider 2024.3\bin;C:\Users\bedi-\AppData\Local\Programs\Windsurf\bin;C:\Users\bedi-\AppData\Local\Programs\cursor\resources\app\bin;C:\Users\bedi-\AppData\Local\nvm;C:\nvm4w\nodejs;C:\Program Files\JetBrains\IntelliJ IDEA 2025.2\bin;D:\Program Files\JetBrains\WebStorm 2025.2.1\bin;D:\Program Files\PhpStorm 2025.2.2\bin;C:\Users\bedi-\AppData\Local\JetBrains\Toolbox\scripts;D:\Program Files\Antigravity\bin;C:\Users\bedi-\AppData\Local\Programs\Zed\bin

Yarn version: 
  1.22.19

Node version: 
  20.19.2

Platform: 
  win32 x64

Trace: 
  AggregateError [ETIMEDOUT]: 
      at internalConnectMultiple (node:net:1122:18)
      at afterConnectMultiple (node:net:1689:7)

npm manifest: 
  {
    "name": "user-side",
    "version": "1.0.0",
    "main": "node_modules/expo/AppEntry.js",
    "scripts": {
      "start": "expo start",
      "android": "expo start --android",
      "ios": "expo start --ios",
      "web": "expo start --web"
    },
    "dependencies": {
      "@expo/webpack-config": "^18.0.1",
      "@gorhom/bottom-sheet": "^4",
      "@react-native-async-storage/async-storage": "1.17.11",
      "@react-navigation/native": "^6.1.6",
      "@react-navigation/native-stack": "^6.9.12",
      "@react-navigation/stack": "^6.3.16",
      "@reduxjs/toolkit": "^1.9.4",
      "expo": "~48.0.11",
      "expo-location": "~15.1.1",
      "expo-status-bar": "~1.4.4",
      "firebase": "^9.19.1",
      "geolib": "^3.3.3",
      "nativewind": "^2.0.11",
      "react": "18.2.0",
      "react-currency-formatter": "^1.1.0",
      "react-dom": "18.2.0",
      "react-native": "0.71.6",
      "react-native-animatable": "^1.3.3",
      "react-native-gesture-handler": "~2.9.0",
      "react-native-heroicons": "^3.2.0",
      "react-native-maps": "1.3.2",
      "react-native-progress": "^5.0.0",
      "react-native-reanimated": "~2.14.4",
      "react-native-safe-area-context": "4.5.0",
      "react-native-screens": "^3.20.0",
      "react-native-svg": "13.4.0",
      "react-native-web": "~0.18.10",
      "react-redux": "^8.0.5"
    },
    "devDependencies": {
      "@babel/core": "^7.20.0",
      "tailwindcss": "^3.3.1"
    },
    "private": true
  }

yarn manifest: 
  No manifest

Lockfile: 
  No lockfile
